The target system is: Generic -  - 
The host system is: Darwin - 21.5.0 - x86_64
Compiling the C compiler identification source file "CMakeCCompilerId.c" succeeded.
Compiler: /Users/kima/.espressif/tools/xtensa-esp32s3-elf/esp-2021r2-patch3-8.4.0/xtensa-esp32s3-elf/bin/xtensa-esp32s3-elf-gcc 
Build flags: -mlongcalls;
Id flags:  

The output was:
0


Compilation of the C compiler identification source "CMakeCCompilerId.c" produced "a.out"

The C compiler identification is GNU, found in "/Users/kima/Documents/touch-rehab/onboarding/blink/build/bootloader/CMakeFiles/3.17.0/CompilerIdC/a.out"

Compiling the CXX compiler identification source file "CMakeCXXCompilerId.cpp" succeeded.
Compiler: /Users/kima/.espressif/tools/xtensa-esp32s3-elf/esp-2021r2-patch3-8.4.0/xtensa-esp32s3-elf/bin/xtensa-esp32s3-elf-g++ 
Build flags: -mlongcalls;
Id flags:  

The output was:
0


Compilation of the CXX compiler identification source "CMakeCXXCompilerId.cpp" produced "a.out"

The CXX compiler identification is GNU, found in "/Users/kima/Documents/touch-rehab/onboarding/blink/build/bootloader/CMakeFiles/3.17.0/CompilerIdCXX/a.out"

Checking whether the ASM compiler is GNU using "--version" matched "(GNU assembler)|(GCC)|(Free Software Foundation)":
xtensa-esp32s3-elf-gcc (crosstool-NG esp-2021r2-patch3) 8.4.0
Copyright (C) 2018 Free Software Foundation, Inc.
This is free software; see the source for copying conditions.  There is NO
warranty; not even for MERCHANTABILITY or FITNESS FOR A PARTICULAR PURPOSE.

Determining if the C compiler works passed with the following output:
Change Dir: /Users/kima/Documents/touch-rehab/onboarding/blink/build/bootloader/CMakeFiles/CMakeTmp

Run Build Command(s):/usr/local/bin/ninja cmTC_04e4c && [1/2] Building C object CMakeFiles/cmTC_04e4c.dir/testCCompiler.c.obj
[2/2] Linking C executable cmTC_04e4c



Detecting C compiler ABI info compiled with the following output:
Change Dir: /Users/kima/Documents/touch-rehab/onboarding/blink/build/bootloader/CMakeFiles/CMakeTmp

Run Build Command(s):/usr/local/bin/ninja cmTC_5d1ea && [1/2] Building C object CMakeFiles/cmTC_5d1ea.dir/CMakeCCompilerABI.c.obj
Using built-in specs.
COLLECT_GCC=/Users/kima/.espressif/tools/xtensa-esp32s3-elf/esp-2021r2-patch3-8.4.0/xtensa-esp32s3-elf/bin/xtensa-esp32s3-elf-gcc
Target: xtensa-esp32s3-elf
Configured with: /builds/idf/crosstool-NG/.build/HOST-x86_64-apple-darwin12/xtensa-esp32s3-elf/src/gcc/configure --build=x86_64-build_pc-linux-gnu --host=x86_64-host_apple-darwin12 --target=xtensa-esp32s3-elf --prefix=/builds/idf/crosstool-NG/builds/xtensa-esp32s3-elf --with-local-prefix=/builds/idf/crosstool-NG/builds/xtensa-esp32s3-elf/xtensa-esp32s3-elf --with-headers=/builds/idf/crosstool-NG/builds/xtensa-esp32s3-elf/xtensa-esp32s3-elf/include --with-newlib --enable-threads=no --disable-shared --with-pkgversion='crosstool-NG esp-2021r2-patch3' --disable-__cxa_atexit --enable-cxx-flags=-ffunction-sections --disable-libgomp --disable-libmudflap --disable-libmpx --disable-libssp --disable-libquadmath --disable-libquadmath-support --with-gmp=/builds/idf/crosstool-NG/.build/HOST-x86_64-apple-darwin12/xtensa-esp32s3-elf/buildtools/complibs-host --with-mpfr=/builds/idf/crosstool-NG/.build/HOST-x86_64-apple-darwin12/xtensa-esp32s3-elf/buildtools/complibs-host --with-mpc=/builds/idf/crosstool-NG/.build/HOST-x86_64-apple-darwin12/xtensa-esp32s3-elf/buildtools/complibs-host --with-isl=/builds/idf/crosstool-NG/.build/HOST-x86_64-apple-darwin12/xtensa-esp32s3-elf/buildtools/complibs-host --enable-lto --enable-target-optspace --without-long-double-128 --disable-nls --enable-multiarch --enable-languages=c,c++ --disable-libstdcxx-verbose --enable-threads=posix --enable-gcov-custom-rtio --enable-libstdcxx-time=yes
Thread model: posix
gcc version 8.4.0 (crosstool-NG esp-2021r2-patch3) 
COLLECT_GCC_OPTIONS='-mlongcalls' '-v' '-o' 'CMakeFiles/cmTC_5d1ea.dir/CMakeCCompilerABI.c.obj' '-c'
 /Users/kima/.espressif/tools/xtensa-esp32s3-elf/esp-2021r2-patch3-8.4.0/xtensa-esp32s3-elf/bin/../libexec/gcc/xtensa-esp32s3-elf/8.4.0/cc1 -quiet -v -iprefix /Users/kima/.espressif/tools/xtensa-esp32s3-elf/esp-2021r2-patch3-8.4.0/xtensa-esp32s3-elf/bin/../lib/gcc/xtensa-esp32s3-elf/8.4.0/ /usr/local/Cellar/cmake/3.17.0/share/cmake/Modules/CMakeCCompilerABI.c -quiet -dumpbase CMakeCCompilerABI.c -mlongcalls -auxbase-strip CMakeFiles/cmTC_5d1ea.dir/CMakeCCompilerABI.c.obj -version -o /var/folders/2_/n6wvn_6s037gk2__062l5gr40000gn/T//ccNcVfhZ.s
GNU C17 (crosstool-NG esp-2021r2-patch3) version 8.4.0 (xtensa-esp32s3-elf)
	compiled by GNU C version 8.3.0, GMP version 6.2.0, MPFR version 4.0.2, MPC version 1.1.0, isl version isl-0.19-GMP

GGC heuristics: --param ggc-min-expand=100 --param ggc-min-heapsize=131072
ignoring duplicate directory "/Users/kima/.espressif/tools/xtensa-esp32s3-elf/esp-2021r2-patch3-8.4.0/xtensa-esp32s3-elf/bin/../lib/gcc/../../lib/gcc/xtensa-esp32s3-elf/8.4.0/include"
ignoring duplicate directory "/Users/kima/.espressif/tools/xtensa-esp32s3-elf/esp-2021r2-patch3-8.4.0/xtensa-esp32s3-elf/bin/../lib/gcc/../../lib/gcc/xtensa-esp32s3-elf/8.4.0/include-fixed"
ignoring duplicate directory "/Users/kima/.espressif/tools/xtensa-esp32s3-elf/esp-2021r2-patch3-8.4.0/xtensa-esp32s3-elf/bin/../lib/gcc/../../lib/gcc/xtensa-esp32s3-elf/8.4.0/../../../../xtensa-esp32s3-elf/sys-include"
ignoring duplicate directory "/Users/kima/.espressif/tools/xtensa-esp32s3-elf/esp-2021r2-patch3-8.4.0/xtensa-esp32s3-elf/bin/../lib/gcc/../../lib/gcc/xtensa-esp32s3-elf/8.4.0/../../../../xtensa-esp32s3-elf/include"
#include "..." search starts here:
#include <...> search starts here:
 /Users/kima/.espressif/tools/xtensa-esp32s3-elf/esp-2021r2-patch3-8.4.0/xtensa-esp32s3-elf/bin/../lib/gcc/xtensa-esp32s3-elf/8.4.0/include
 /Users/kima/.espressif/tools/xtensa-esp32s3-elf/esp-2021r2-patch3-8.4.0/xtensa-esp32s3-elf/bin/../lib/gcc/xtensa-esp32s3-elf/8.4.0/include-fixed
 /Users/kima/.espressif/tools/xtensa-esp32s3-elf/esp-2021r2-patch3-8.4.0/xtensa-esp32s3-elf/bin/../lib/gcc/xtensa-esp32s3-elf/8.4.0/../../../../xtensa-esp32s3-elf/sys-include
 /Users/kima/.espressif/tools/xtensa-esp32s3-elf/esp-2021r2-patch3-8.4.0/xtensa-esp32s3-elf/bin/../lib/gcc/xtensa-esp32s3-elf/8.4.0/../../../../xtensa-esp32s3-elf/include
End of search list.
GNU C17 (crosstool-NG esp-2021r2-patch3) version 8.4.0 (xtensa-esp32s3-elf)
	compiled by GNU C version 8.3.0, GMP version 6.2.0, MPFR version 4.0.2, MPC version 1.1.0, isl version isl-0.19-GMP

GGC heuristics: --param ggc-min-expand=100 --param ggc-min-heapsize=131072
Compiler executable checksum: 803047a206c18d3a08e5e868cdb5bc02
COLLECT_GCC_OPTIONS='-mlongcalls' '-v' '-o' 'CMakeFiles/cmTC_5d1ea.dir/CMakeCCompilerABI.c.obj' '-c'
 /Users/kima/.espressif/tools/xtensa-esp32s3-elf/esp-2021r2-patch3-8.4.0/xtensa-esp32s3-elf/bin/../lib/gcc/xtensa-esp32s3-elf/8.4.0/../../../../xtensa-esp32s3-elf/bin/as --traditional-format --longcalls -o CMakeFiles/cmTC_5d1ea.dir/CMakeCCompilerABI.c.obj /var/folders/2_/n6wvn_6s037gk2__062l5gr40000gn/T//ccNcVfhZ.s
COMPILER_PATH=/Users/kima/.espressif/tools/xtensa-esp32s3-elf/esp-2021r2-patch3-8.4.0/xtensa-esp32s3-elf/bin/../libexec/gcc/xtensa-esp32s3-elf/8.4.0/:/Users/kima/.espressif/tools/xtensa-esp32s3-elf/esp-2021r2-patch3-8.4.0/xtensa-esp32s3-elf/bin/../libexec/gcc/:/Users/kima/.espressif/tools/xtensa-esp32s3-elf/esp-2021r2-patch3-8.4.0/xtensa-esp32s3-elf/bin/../lib/gcc/xtensa-esp32s3-elf/8.4.0/../../../../xtensa-esp32s3-elf/bin/
LIBRARY_PATH=/Users/kima/.espressif/tools/xtensa-esp32s3-elf/esp-2021r2-patch3-8.4.0/xtensa-esp32s3-elf/bin/../lib/gcc/xtensa-esp32s3-elf/8.4.0/:/Users/kima/.espressif/tools/xtensa-esp32s3-elf/esp-2021r2-patch3-8.4.0/xtensa-esp32s3-elf/bin/../lib/gcc/:/Users/kima/.espressif/tools/xtensa-esp32s3-elf/esp-2021r2-patch3-8.4.0/xtensa-esp32s3-elf/bin/../lib/gcc/xtensa-esp32s3-elf/8.4.0/../../../../xtensa-esp32s3-elf/lib/
COLLECT_GCC_OPTIONS='-mlongcalls' '-v' '-o' 'CMakeFiles/cmTC_5d1ea.dir/CMakeCCompilerABI.c.obj' '-c'
[2/2] Linking C executable cmTC_5d1ea
Using built-in specs.
COLLECT_GCC=/Users/kima/.espressif/tools/xtensa-esp32s3-elf/esp-2021r2-patch3-8.4.0/xtensa-esp32s3-elf/bin/xtensa-esp32s3-elf-gcc
COLLECT_LTO_WRAPPER=/Users/kima/.espressif/tools/xtensa-esp32s3-elf/esp-2021r2-patch3-8.4.0/xtensa-esp32s3-elf/bin/../libexec/gcc/xtensa-esp32s3-elf/8.4.0/lto-wrapper
Target: xtensa-esp32s3-elf
Configured with: /builds/idf/crosstool-NG/.build/HOST-x86_64-apple-darwin12/xtensa-esp32s3-elf/src/gcc/configure --build=x86_64-build_pc-linux-gnu --host=x86_64-host_apple-darwin12 --target=xtensa-esp32s3-elf --prefix=/builds/idf/crosstool-NG/builds/xtensa-esp32s3-elf --with-local-prefix=/builds/idf/crosstool-NG/builds/xtensa-esp32s3-elf/xtensa-esp32s3-elf --with-headers=/builds/idf/crosstool-NG/builds/xtensa-esp32s3-elf/xtensa-esp32s3-elf/include --with-newlib --enable-threads=no --disable-shared --with-pkgversion='crosstool-NG esp-2021r2-patch3' --disable-__cxa_atexit --enable-cxx-flags=-ffunction-sections --disable-libgomp --disable-libmudflap --disable-libmpx --disable-libssp --disable-libquadmath --disable-libquadmath-support --with-gmp=/builds/idf/crosstool-NG/.build/HOST-x86_64-apple-darwin12/xtensa-esp32s3-elf/buildtools/complibs-host --with-mpfr=/builds/idf/crosstool-NG/.build/HOST-x86_64-apple-darwin12/xtensa-esp32s3-elf/buildtools/complibs-host --with-mpc=/builds/idf/crosstool-NG/.build/HOST-x86_64-apple-darwin12/xtensa-esp32s3-elf/buildtools/complibs-host --with-isl=/builds/idf/crosstool-NG/.build/HOST-x86_64-apple-darwin12/xtensa-esp32s3-elf/buildtools/complibs-host --enable-lto --enable-target-optspace --without-long-double-128 --disable-nls --enable-multiarch --enable-languages=c,c++ --disable-libstdcxx-verbose --enable-threads=posix --enable-gcov-custom-rtio --enable-libstdcxx-time=yes
Thread model: posix
gcc version 8.4.0 (crosstool-NG esp-2021r2-patch3) 
COMPILER_PATH=/Users/kima/.espressif/tools/xtensa-esp32s3-elf/esp-2021r2-patch3-8.4.0/xtensa-esp32s3-elf/bin/../libexec/gcc/xtensa-esp32s3-elf/8.4.0/:/Users/kima/.espressif/tools/xtensa-esp32s3-elf/esp-2021r2-patch3-8.4.0/xtensa-esp32s3-elf/bin/../libexec/gcc/:/Users/kima/.espressif/tools/xtensa-esp32s3-elf/esp-2021r2-patch3-8.4.0/xtensa-esp32s3-elf/bin/../lib/gcc/xtensa-esp32s3-elf/8.4.0/../../../../xtensa-esp32s3-elf/bin/
LIBRARY_PATH=/Users/kima/.espressif/tools/xtensa-esp32s3-elf/esp-2021r2-patch3-8.4.0/xtensa-esp32s3-elf/bin/../lib/gcc/xtensa-esp32s3-elf/8.4.0/:/Users/kima/.espressif/tools/xtensa-esp32s3-elf/esp-2021r2-patch3-8.4.0/xtensa-esp32s3-elf/bin/../lib/gcc/:/Users/kima/.espressif/tools/xtensa-esp32s3-elf/esp-2021r2-patch3-8.4.0/xtensa-esp32s3-elf/bin/../lib/gcc/xtensa-esp32s3-elf/8.4.0/../../../../xtensa-esp32s3-elf/lib/
COLLECT_GCC_OPTIONS='-mlongcalls' '-v' '-o' 'cmTC_5d1ea'
 /Users/kima/.espressif/tools/xtensa-esp32s3-elf/esp-2021r2-patch3-8.4.0/xtensa-esp32s3-elf/bin/../libexec/gcc/xtensa-esp32s3-elf/8.4.0/collect2 -plugin /Users/kima/.espressif/tools/xtensa-esp32s3-elf/esp-2021r2-patch3-8.4.0/xtensa-esp32s3-elf/bin/../libexec/gcc/xtensa-esp32s3-elf/8.4.0/liblto_plugin.so -plugin-opt=/Users/kima/.espressif/tools/xtensa-esp32s3-elf/esp-2021r2-patch3-8.4.0/xtensa-esp32s3-elf/bin/../libexec/gcc/xtensa-esp32s3-elf/8.4.0/lto-wrapper -plugin-opt=-fresolution=/var/folders/2_/n6wvn_6s037gk2__062l5gr40000gn/T//cclELLUd.res -plugin-opt=-pass-through=-lgcc -plugin-opt=-pass-through=-lc -plugin-opt=-pass-through=-lnosys -plugin-opt=-pass-through=-lc -plugin-opt=-pass-through=-lgcc -o cmTC_5d1ea /Users/kima/.espressif/tools/xtensa-esp32s3-elf/esp-2021r2-patch3-8.4.0/xtensa-esp32s3-elf/bin/../lib/gcc/xtensa-esp32s3-elf/8.4.0/../../../../xtensa-esp32s3-elf/lib/crt0.o /Users/kima/.espressif/tools/xtensa-esp32s3-elf/esp-2021r2-patch3-8.4.0/xtensa-esp32s3-elf/bin/../lib/gcc/xtensa-esp32s3-elf/8.4.0/crti.o /Users/kima/.espressif/tools/xtensa-esp32s3-elf/esp-2021r2-patch3-8.4.0/xtensa-esp32s3-elf/bin/../lib/gcc/xtensa-esp32s3-elf/8.4.0/crtbegin.o -L/Users/kima/.espressif/tools/xtensa-esp32s3-elf/esp-2021r2-patch3-8.4.0/xtensa-esp32s3-elf/bin/../lib/gcc/xtensa-esp32s3-elf/8.4.0 -L/Users/kima/.espressif/tools/xtensa-esp32s3-elf/esp-2021r2-patch3-8.4.0/xtensa-esp32s3-elf/bin/../lib/gcc -L/Users/kima/.espressif/tools/xtensa-esp32s3-elf/esp-2021r2-patch3-8.4.0/xtensa-esp32s3-elf/bin/../lib/gcc/xtensa-esp32s3-elf/8.4.0/../../../../xtensa-esp32s3-elf/lib CMakeFiles/cmTC_5d1ea.dir/CMakeCCompilerABI.c.obj -lgcc -lc -lnosys -lc -lgcc /Users/kima/.espressif/tools/xtensa-esp32s3-elf/esp-2021r2-patch3-8.4.0/xtensa-esp32s3-elf/bin/../lib/gcc/xtensa-esp32s3-elf/8.4.0/crtend.o /Users/kima/.espressif/tools/xtensa-esp32s3-elf/esp-2021r2-patch3-8.4.0/xtensa-esp32s3-elf/bin/../lib/gcc/xtensa-esp32s3-elf/8.4.0/crtn.o
COLLECT_GCC_OPTIONS='-mlongcalls' '-v' '-o' 'cmTC_5d1ea'



Parsed C implicit include dir info from above output: rv=done
  found start of include info
  found start of implicit include info
    add: [/Users/kima/.espressif/tools/xtensa-esp32s3-elf/esp-2021r2-patch3-8.4.0/xtensa-esp32s3-elf/bin/../lib/gcc/xtensa-esp32s3-elf/8.4.0/include]
    add: [/Users/kima/.espressif/tools/xtensa-esp32s3-elf/esp-2021r2-patch3-8.4.0/xtensa-esp32s3-elf/bin/../lib/gcc/xtensa-esp32s3-elf/8.4.0/include-fixed]
    add: [/Users/kima/.espressif/tools/xtensa-esp32s3-elf/esp-2021r2-patch3-8.4.0/xtensa-esp32s3-elf/bin/../lib/gcc/xtensa-esp32s3-elf/8.4.0/../../../../xtensa-esp32s3-elf/sys-include]
    add: [/Users/kima/.espressif/tools/xtensa-esp32s3-elf/esp-2021r2-patch3-8.4.0/xtensa-esp32s3-elf/bin/../lib/gcc/xtensa-esp32s3-elf/8.4.0/../../../../xtensa-esp32s3-elf/include]
  end of search list found
  collapse include dir [/Users/kima/.espressif/tools/xtensa-esp32s3-elf/esp-2021r2-patch3-8.4.0/xtensa-esp32s3-elf/bin/../lib/gcc/xtensa-esp32s3-elf/8.4.0/include] ==> [/Users/kima/.espressif/tools/xtensa-esp32s3-elf/esp-2021r2-patch3-8.4.0/xtensa-esp32s3-elf/lib/gcc/xtensa-esp32s3-elf/8.4.0/include]
  collapse include dir [/Users/kima/.espressif/tools/xtensa-esp32s3-elf/esp-2021r2-patch3-8.4.0/xtensa-esp32s3-elf/bin/../lib/gcc/xtensa-esp32s3-elf/8.4.0/include-fixed] ==> [/Users/kima/.espressif/tools/xtensa-esp32s3-elf/esp-2021r2-patch3-8.4.0/xtensa-esp32s3-elf/lib/gcc/xtensa-esp32s3-elf/8.4.0/include-fixed]
  collapse include dir [/Users/kima/.espressif/tools/xtensa-esp32s3-elf/esp-2021r2-patch3-8.4.0/xtensa-esp32s3-elf/bin/../lib/gcc/xtensa-esp32s3-elf/8.4.0/../../../../xtensa-esp32s3-elf/sys-include] ==> [/Users/kima/.espressif/tools/xtensa-esp32s3-elf/esp-2021r2-patch3-8.4.0/xtensa-esp32s3-elf/xtensa-esp32s3-elf/sys-include]
  collapse include dir [/Users/kima/.espressif/tools/xtensa-esp32s3-elf/esp-2021r2-patch3-8.4.0/xtensa-esp32s3-elf/bin/../lib/gcc/xtensa-esp32s3-elf/8.4.0/../../../../xtensa-esp32s3-elf/include] ==> [/Users/kima/.espressif/tools/xtensa-esp32s3-elf/esp-2021r2-patch3-8.4.0/xtensa-esp32s3-elf/xtensa-esp32s3-elf/include]
  implicit include dirs: [/Users/kima/.espressif/tools/xtensa-esp32s3-elf/esp-2021r2-patch3-8.4.0/xtensa-esp32s3-elf/lib/gcc/xtensa-esp32s3-elf/8.4.0/include;/Users/kima/.espressif/tools/xtensa-esp32s3-elf/esp-2021r2-patch3-8.4.0/xtensa-esp32s3-elf/lib/gcc/xtensa-esp32s3-elf/8.4.0/include-fixed;/Users/kima/.espressif/tools/xtensa-esp32s3-elf/esp-2021r2-patch3-8.4.0/xtensa-esp32s3-elf/xtensa-esp32s3-elf/sys-include;/Users/kima/.espressif/tools/xtensa-esp32s3-elf/esp-2021r2-patch3-8.4.0/xtensa-esp32s3-elf/xtensa-esp32s3-elf/include]


Parsed C implicit link information from above output:
  link line regex: [^( *|.*[/\])(xtensa-esp32s3-elf-ld|CMAKE_LINK_STARTFILE-NOTFOUND|([^/\]+-)?ld|collect2)[^/\]*( |$)]
  ignore line: [Change Dir: /Users/kima/Documents/touch-rehab/onboarding/blink/build/bootloader/CMakeFiles/CMakeTmp]
  ignore line: []
  ignore line: [Run Build Command(s):/usr/local/bin/ninja cmTC_5d1ea && [1/2] Building C object CMakeFiles/cmTC_5d1ea.dir/CMakeCCompilerABI.c.obj]
  ignore line: [Using built-in specs.]
  ignore line: [COLLECT_GCC=/Users/kima/.espressif/tools/xtensa-esp32s3-elf/esp-2021r2-patch3-8.4.0/xtensa-esp32s3-elf/bin/xtensa-esp32s3-elf-gcc]
  ignore line: [Target: xtensa-esp32s3-elf]
  ignore line: [Configured with: /builds/idf/crosstool-NG/.build/HOST-x86_64-apple-darwin12/xtensa-esp32s3-elf/src/gcc/configure --build=x86_64-build_pc-linux-gnu --host=x86_64-host_apple-darwin12 --target=xtensa-esp32s3-elf --prefix=/builds/idf/crosstool-NG/builds/xtensa-esp32s3-elf --with-local-prefix=/builds/idf/crosstool-NG/builds/xtensa-esp32s3-elf/xtensa-esp32s3-elf --with-headers=/builds/idf/crosstool-NG/builds/xtensa-esp32s3-elf/xtensa-esp32s3-elf/include --with-newlib --enable-threads=no --disable-shared --with-pkgversion='crosstool-NG esp-2021r2-patch3' --disable-__cxa_atexit --enable-cxx-flags=-ffunction-sections --disable-libgomp --disable-libmudflap --disable-libmpx --disable-libssp --disable-libquadmath --disable-libquadmath-support --with-gmp=/builds/idf/crosstool-NG/.build/HOST-x86_64-apple-darwin12/xtensa-esp32s3-elf/buildtools/complibs-host --with-mpfr=/builds/idf/crosstool-NG/.build/HOST-x86_64-apple-darwin12/xtensa-esp32s3-elf/buildtools/complibs-host --with-mpc=/builds/idf/crosstool-NG/.build/HOST-x86_64-apple-darwin12/xtensa-esp32s3-elf/buildtools/complibs-host --with-isl=/builds/idf/crosstool-NG/.build/HOST-x86_64-apple-darwin12/xtensa-esp32s3-elf/buildtools/complibs-host --enable-lto --enable-target-optspace --without-long-double-128 --disable-nls --enable-multiarch --enable-languages=c c++ --disable-libstdcxx-verbose --enable-threads=posix --enable-gcov-custom-rtio --enable-libstdcxx-time=yes]
  ignore line: [Thread model: posix]
  ignore line: [gcc version 8.4.0 (crosstool-NG esp-2021r2-patch3) ]
  ignore line: [COLLECT_GCC_OPTIONS='-mlongcalls' '-v' '-o' 'CMakeFiles/cmTC_5d1ea.dir/CMakeCCompilerABI.c.obj' '-c']
  ignore line: [ /Users/kima/.espressif/tools/xtensa-esp32s3-elf/esp-2021r2-patch3-8.4.0/xtensa-esp32s3-elf/bin/../libexec/gcc/xtensa-esp32s3-elf/8.4.0/cc1 -quiet -v -iprefix /Users/kima/.espressif/tools/xtensa-esp32s3-elf/esp-2021r2-patch3-8.4.0/xtensa-esp32s3-elf/bin/../lib/gcc/xtensa-esp32s3-elf/8.4.0/ /usr/local/Cellar/cmake/3.17.0/share/cmake/Modules/CMakeCCompilerABI.c -quiet -dumpbase CMakeCCompilerABI.c -mlongcalls -auxbase-strip CMakeFiles/cmTC_5d1ea.dir/CMakeCCompilerABI.c.obj -version -o /var/folders/2_/n6wvn_6s037gk2__062l5gr40000gn/T//ccNcVfhZ.s]
  ignore line: [GNU C17 (crosstool-NG esp-2021r2-patch3) version 8.4.0 (xtensa-esp32s3-elf)]
  ignore line: [	compiled by GNU C version 8.3.0  GMP version 6.2.0  MPFR version 4.0.2  MPC version 1.1.0  isl version isl-0.19-GMP]
  ignore line: []
  ignore line: [GGC heuristics: --param ggc-min-expand=100 --param ggc-min-heapsize=131072]
  ignore line: [ignoring duplicate directory "/Users/kima/.espressif/tools/xtensa-esp32s3-elf/esp-2021r2-patch3-8.4.0/xtensa-esp32s3-elf/bin/../lib/gcc/../../lib/gcc/xtensa-esp32s3-elf/8.4.0/include"]
  ignore line: [ignoring duplicate directory "/Users/kima/.espressif/tools/xtensa-esp32s3-elf/esp-2021r2-patch3-8.4.0/xtensa-esp32s3-elf/bin/../lib/gcc/../../lib/gcc/xtensa-esp32s3-elf/8.4.0/include-fixed"]
  ignore line: [ignoring duplicate directory "/Users/kima/.espressif/tools/xtensa-esp32s3-elf/esp-2021r2-patch3-8.4.0/xtensa-esp32s3-elf/bin/../lib/gcc/../../lib/gcc/xtensa-esp32s3-elf/8.4.0/../../../../xtensa-esp32s3-elf/sys-include"]
  ignore line: [ignoring duplicate directory "/Users/kima/.espressif/tools/xtensa-esp32s3-elf/esp-2021r2-patch3-8.4.0/xtensa-esp32s3-elf/bin/../lib/gcc/../../lib/gcc/xtensa-esp32s3-elf/8.4.0/../../../../xtensa-esp32s3-elf/include"]
  ignore line: [#include "..." search starts here:]
  ignore line: [#include <...> search starts here:]
  ignore line: [ /Users/kima/.espressif/tools/xtensa-esp32s3-elf/esp-2021r2-patch3-8.4.0/xtensa-esp32s3-elf/bin/../lib/gcc/xtensa-esp32s3-elf/8.4.0/include]
  ignore line: [ /Users/kima/.espressif/tools/xtensa-esp32s3-elf/esp-2021r2-patch3-8.4.0/xtensa-esp32s3-elf/bin/../lib/gcc/xtensa-esp32s3-elf/8.4.0/include-fixed]
  ignore line: [ /Users/kima/.espressif/tools/xtensa-esp32s3-elf/esp-2021r2-patch3-8.4.0/xtensa-esp32s3-elf/bin/../lib/gcc/xtensa-esp32s3-elf/8.4.0/../../../../xtensa-esp32s3-elf/sys-include]
  ignore line: [ /Users/kima/.espressif/tools/xtensa-esp32s3-elf/esp-2021r2-patch3-8.4.0/xtensa-esp32s3-elf/bin/../lib/gcc/xtensa-esp32s3-elf/8.4.0/../../../../xtensa-esp32s3-elf/include]
  ignore line: [End of search list.]
  ignore line: [GNU C17 (crosstool-NG esp-2021r2-patch3) version 8.4.0 (xtensa-esp32s3-elf)]
  ignore line: [	compiled by GNU C version 8.3.0  GMP version 6.2.0  MPFR version 4.0.2  MPC version 1.1.0  isl version isl-0.19-GMP]
  ignore line: []
  ignore line: [GGC heuristics: --param ggc-min-expand=100 --param ggc-min-heapsize=131072]
  ignore line: [Compiler executable checksum: 803047a206c18d3a08e5e868cdb5bc02]
  ignore line: [COLLECT_GCC_OPTIONS='-mlongcalls' '-v' '-o' 'CMakeFiles/cmTC_5d1ea.dir/CMakeCCompilerABI.c.obj' '-c']
  ignore line: [ /Users/kima/.espressif/tools/xtensa-esp32s3-elf/esp-2021r2-patch3-8.4.0/xtensa-esp32s3-elf/bin/../lib/gcc/xtensa-esp32s3-elf/8.4.0/../../../../xtensa-esp32s3-elf/bin/as --traditional-format --longcalls -o CMakeFiles/cmTC_5d1ea.dir/CMakeCCompilerABI.c.obj /var/folders/2_/n6wvn_6s037gk2__062l5gr40000gn/T//ccNcVfhZ.s]
  ignore line: [COMPILER_PATH=/Users/kima/.espressif/tools/xtensa-esp32s3-elf/esp-2021r2-patch3-8.4.0/xtensa-esp32s3-elf/bin/../libexec/gcc/xtensa-esp32s3-elf/8.4.0/:/Users/kima/.espressif/tools/xtensa-esp32s3-elf/esp-2021r2-patch3-8.4.0/xtensa-esp32s3-elf/bin/../libexec/gcc/:/Users/kima/.espressif/tools/xtensa-esp32s3-elf/esp-2021r2-patch3-8.4.0/xtensa-esp32s3-elf/bin/../lib/gcc/xtensa-esp32s3-elf/8.4.0/../../../../xtensa-esp32s3-elf/bin/]
  ignore line: [LIBRARY_PATH=/Users/kima/.espressif/tools/xtensa-esp32s3-elf/esp-2021r2-patch3-8.4.0/xtensa-esp32s3-elf/bin/../lib/gcc/xtensa-esp32s3-elf/8.4.0/:/Users/kima/.espressif/tools/xtensa-esp32s3-elf/esp-2021r2-patch3-8.4.0/xtensa-esp32s3-elf/bin/../lib/gcc/:/Users/kima/.espressif/tools/xtensa-esp32s3-elf/esp-2021r2-patch3-8.4.0/xtensa-esp32s3-elf/bin/../lib/gcc/xtensa-esp32s3-elf/8.4.0/../../../../xtensa-esp32s3-elf/lib/]
  ignore line: [COLLECT_GCC_OPTIONS='-mlongcalls' '-v' '-o' 'CMakeFiles/cmTC_5d1ea.dir/CMakeCCompilerABI.c.obj' '-c']
  ignore line: [[2/2] Linking C executable cmTC_5d1ea]
  ignore line: [Using built-in specs.]
  ignore line: [COLLECT_GCC=/Users/kima/.espressif/tools/xtensa-esp32s3-elf/esp-2021r2-patch3-8.4.0/xtensa-esp32s3-elf/bin/xtensa-esp32s3-elf-gcc]
  ignore line: [COLLECT_LTO_WRAPPER=/Users/kima/.espressif/tools/xtensa-esp32s3-elf/esp-2021r2-patch3-8.4.0/xtensa-esp32s3-elf/bin/../libexec/gcc/xtensa-esp32s3-elf/8.4.0/lto-wrapper]
  ignore line: [Target: xtensa-esp32s3-elf]
  ignore line: [Configured with: /builds/idf/crosstool-NG/.build/HOST-x86_64-apple-darwin12/xtensa-esp32s3-elf/src/gcc/configure --build=x86_64-build_pc-linux-gnu --host=x86_64-host_apple-darwin12 --target=xtensa-esp32s3-elf --prefix=/builds/idf/crosstool-NG/builds/xtensa-esp32s3-elf --with-local-prefix=/builds/idf/crosstool-NG/builds/xtensa-esp32s3-elf/xtensa-esp32s3-elf --with-headers=/builds/idf/crosstool-NG/builds/xtensa-esp32s3-elf/xtensa-esp32s3-elf/include --with-newlib --enable-threads=no --disable-shared --with-pkgversion='crosstool-NG esp-2021r2-patch3' --disable-__cxa_atexit --enable-cxx-flags=-ffunction-sections --disable-libgomp --disable-libmudflap --disable-libmpx --disable-libssp --disable-libquadmath --disable-libquadmath-support --with-gmp=/builds/idf/crosstool-NG/.build/HOST-x86_64-apple-darwin12/xtensa-esp32s3-elf/buildtools/complibs-host --with-mpfr=/builds/idf/crosstool-NG/.build/HOST-x86_64-apple-darwin12/xtensa-esp32s3-elf/buildtools/complibs-host --with-mpc=/builds/idf/crosstool-NG/.build/HOST-x86_64-apple-darwin12/xtensa-esp32s3-elf/buildtools/complibs-host --with-isl=/builds/idf/crosstool-NG/.build/HOST-x86_64-apple-darwin12/xtensa-esp32s3-elf/buildtools/complibs-host --enable-lto --enable-target-optspace --without-long-double-128 --disable-nls --enable-multiarch --enable-languages=c c++ --disable-libstdcxx-verbose --enable-threads=posix --enable-gcov-custom-rtio --enable-libstdcxx-time=yes]
  ignore line: [Thread model: posix]
  ignore line: [gcc version 8.4.0 (crosstool-NG esp-2021r2-patch3) ]
  ignore line: [COMPILER_PATH=/Users/kima/.espressif/tools/xtensa-esp32s3-elf/esp-2021r2-patch3-8.4.0/xtensa-esp32s3-elf/bin/../libexec/gcc/xtensa-esp32s3-elf/8.4.0/:/Users/kima/.espressif/tools/xtensa-esp32s3-elf/esp-2021r2-patch3-8.4.0/xtensa-esp32s3-elf/bin/../libexec/gcc/:/Users/kima/.espressif/tools/xtensa-esp32s3-elf/esp-2021r2-patch3-8.4.0/xtensa-esp32s3-elf/bin/../lib/gcc/xtensa-esp32s3-elf/8.4.0/../../../../xtensa-esp32s3-elf/bin/]
  ignore line: [LIBRARY_PATH=/Users/kima/.espressif/tools/xtensa-esp32s3-elf/esp-2021r2-patch3-8.4.0/xtensa-esp32s3-elf/bin/../lib/gcc/xtensa-esp32s3-elf/8.4.0/:/Users/kima/.espressif/tools/xtensa-esp32s3-elf/esp-2021r2-patch3-8.4.0/xtensa-esp32s3-elf/bin/../lib/gcc/:/Users/kima/.espressif/tools/xtensa-esp32s3-elf/esp-2021r2-patch3-8.4.0/xtensa-esp32s3-elf/bin/../lib/gcc/xtensa-esp32s3-elf/8.4.0/../../../../xtensa-esp32s3-elf/lib/]
  ignore line: [COLLECT_GCC_OPTIONS='-mlongcalls' '-v' '-o' 'cmTC_5d1ea']
  link line: [ /Users/kima/.espressif/tools/xtensa-esp32s3-elf/esp-2021r2-patch3-8.4.0/xtensa-esp32s3-elf/bin/../libexec/gcc/xtensa-esp32s3-elf/8.4.0/collect2 -plugin /Users/kima/.espressif/tools/xtensa-esp32s3-elf/esp-2021r2-patch3-8.4.0/xtensa-esp32s3-elf/bin/../libexec/gcc/xtensa-esp32s3-elf/8.4.0/liblto_plugin.so -plugin-opt=/Users/kima/.espressif/tools/xtensa-esp32s3-elf/esp-2021r2-patch3-8.4.0/xtensa-esp32s3-elf/bin/../libexec/gcc/xtensa-esp32s3-elf/8.4.0/lto-wrapper -plugin-opt=-fresolution=/var/folders/2_/n6wvn_6s037gk2__062l5gr40000gn/T//cclELLUd.res -plugin-opt=-pass-through=-lgcc -plugin-opt=-pass-through=-lc -plugin-opt=-pass-through=-lnosys -plugin-opt=-pass-through=-lc -plugin-opt=-pass-through=-lgcc -o cmTC_5d1ea /Users/kima/.espressif/tools/xtensa-esp32s3-elf/esp-2021r2-patch3-8.4.0/xtensa-esp32s3-elf/bin/../lib/gcc/xtensa-esp32s3-elf/8.4.0/../../../../xtensa-esp32s3-elf/lib/crt0.o /Users/kima/.espressif/tools/xtensa-esp32s3-elf/esp-2021r2-patch3-8.4.0/xtensa-esp32s3-elf/bin/../lib/gcc/xtensa-esp32s3-elf/8.4.0/crti.o /Users/kima/.espressif/tools/xtensa-esp32s3-elf/esp-2021r2-patch3-8.4.0/xtensa-esp32s3-elf/bin/../lib/gcc/xtensa-esp32s3-elf/8.4.0/crtbegin.o -L/Users/kima/.espressif/tools/xtensa-esp32s3-elf/esp-2021r2-patch3-8.4.0/xtensa-esp32s3-elf/bin/../lib/gcc/xtensa-esp32s3-elf/8.4.0 -L/Users/kima/.espressif/tools/xtensa-esp32s3-elf/esp-2021r2-patch3-8.4.0/xtensa-esp32s3-elf/bin/../lib/gcc -L/Users/kima/.espressif/tools/xtensa-esp32s3-elf/esp-2021r2-patch3-8.4.0/xtensa-esp32s3-elf/bin/../lib/gcc/xtensa-esp32s3-elf/8.4.0/../../../../xtensa-esp32s3-elf/lib CMakeFiles/cmTC_5d1ea.dir/CMakeCCompilerABI.c.obj -lgcc -lc -lnosys -lc -lgcc /Users/kima/.espressif/tools/xtensa-esp32s3-elf/esp-2021r2-patch3-8.4.0/xtensa-esp32s3-elf/bin/../lib/gcc/xtensa-esp32s3-elf/8.4.0/crtend.o /Users/kima/.espressif/tools/xtensa-esp32s3-elf/esp-2021r2-patch3-8.4.0/xtensa-esp32s3-elf/bin/../lib/gcc/xtensa-esp32s3-elf/8.4.0/crtn.o]
    arg [/Users/kima/.espressif/tools/xtensa-esp32s3-elf/esp-2021r2-patch3-8.4.0/xtensa-esp32s3-elf/bin/../libexec/gcc/xtensa-esp32s3-elf/8.4.0/collect2] ==> ignore
    arg [-plugin] ==> ignore
    arg [/Users/kima/.espressif/tools/xtensa-esp32s3-elf/esp-2021r2-patch3-8.4.0/xtensa-esp32s3-elf/bin/../libexec/gcc/xtensa-esp32s3-elf/8.4.0/liblto_plugin.so] ==> ignore
    arg [-plugin-opt=/Users/kima/.espressif/tools/xtensa-esp32s3-elf/esp-2021r2-patch3-8.4.0/xtensa-esp32s3-elf/bin/../libexec/gcc/xtensa-esp32s3-elf/8.4.0/lto-wrapper] ==> ignore
    arg [-plugin-opt=-fresolution=/var/folders/2_/n6wvn_6s037gk2__062l5gr40000gn/T//cclELLUd.res] ==> ignore
    arg [-plugin-opt=-pass-through=-lgcc] ==> ignore
    arg [-plugin-opt=-pass-through=-lc] ==> ignore
    arg [-plugin-opt=-pass-through=-lnosys] ==> ignore
    arg [-plugin-opt=-pass-through=-lc] ==> ignore
    arg [-plugin-opt=-pass-through=-lgcc] ==> ignore
    arg [-o] ==> ignore
    arg [cmTC_5d1ea] ==> ignore
    arg [/Users/kima/.espressif/tools/xtensa-esp32s3-elf/esp-2021r2-patch3-8.4.0/xtensa-esp32s3-elf/bin/../lib/gcc/xtensa-esp32s3-elf/8.4.0/../../../../xtensa-esp32s3-elf/lib/crt0.o] ==> ignore
    arg [/Users/kima/.espressif/tools/xtensa-esp32s3-elf/esp-2021r2-patch3-8.4.0/xtensa-esp32s3-elf/bin/../lib/gcc/xtensa-esp32s3-elf/8.4.0/crti.o] ==> ignore
    arg [/Users/kima/.espressif/tools/xtensa-esp32s3-elf/esp-2021r2-patch3-8.4.0/xtensa-esp32s3-elf/bin/../lib/gcc/xtensa-esp32s3-elf/8.4.0/crtbegin.o] ==> ignore
    arg [-L/Users/kima/.espressif/tools/xtensa-esp32s3-elf/esp-2021r2-patch3-8.4.0/xtensa-esp32s3-elf/bin/../lib/gcc/xtensa-esp32s3-elf/8.4.0] ==> dir [/Users/kima/.espressif/tools/xtensa-esp32s3-elf/esp-2021r2-patch3-8.4.0/xtensa-esp32s3-elf/bin/../lib/gcc/xtensa-esp32s3-elf/8.4.0]
    arg [-L/Users/kima/.espressif/tools/xtensa-esp32s3-elf/esp-2021r2-patch3-8.4.0/xtensa-esp32s3-elf/bin/../lib/gcc] ==> dir [/Users/kima/.espressif/tools/xtensa-esp32s3-elf/esp-2021r2-patch3-8.4.0/xtensa-esp32s3-elf/bin/../lib/gcc]
    arg [-L/Users/kima/.espressif/tools/xtensa-esp32s3-elf/esp-2021r2-patch3-8.4.0/xtensa-esp32s3-elf/bin/../lib/gcc/xtensa-esp32s3-elf/8.4.0/../../../../xtensa-esp32s3-elf/lib] ==> dir [/Users/kima/.espressif/tools/xtensa-esp32s3-elf/esp-2021r2-patch3-8.4.0/xtensa-esp32s3-elf/bin/../lib/gcc/xtensa-esp32s3-elf/8.4.0/../../../../xtensa-esp32s3-elf/lib]
    arg [CMakeFiles/cmTC_5d1ea.dir/CMakeCCompilerABI.c.obj] ==> ignore
    arg [-lgcc] ==> lib [gcc]
    arg [-lc] ==> lib [c]
    arg [-lnosys] ==> lib [nosys]
    arg [-lc] ==> lib [c]
    arg [-lgcc] ==> lib [gcc]
    arg [/Users/kima/.espressif/tools/xtensa-esp32s3-elf/esp-2021r2-patch3-8.4.0/xtensa-esp32s3-elf/bin/../lib/gcc/xtensa-esp32s3-elf/8.4.0/crtend.o] ==> ignore
    arg [/Users/kima/.espressif/tools/xtensa-esp32s3-elf/esp-2021r2-patch3-8.4.0/xtensa-esp32s3-elf/bin/../lib/gcc/xtensa-esp32s3-elf/8.4.0/crtn.o] ==> ignore
  collapse library dir [/Users/kima/.espressif/tools/xtensa-esp32s3-elf/esp-2021r2-patch3-8.4.0/xtensa-esp32s3-elf/bin/../lib/gcc/xtensa-esp32s3-elf/8.4.0] ==> [/Users/kima/.espressif/tools/xtensa-esp32s3-elf/esp-2021r2-patch3-8.4.0/xtensa-esp32s3-elf/lib/gcc/xtensa-esp32s3-elf/8.4.0]
  collapse library dir [/Users/kima/.espressif/tools/xtensa-esp32s3-elf/esp-2021r2-patch3-8.4.0/xtensa-esp32s3-elf/bin/../lib/gcc] ==> [/Users/kima/.espressif/tools/xtensa-esp32s3-elf/esp-2021r2-patch3-8.4.0/xtensa-esp32s3-elf/lib/gcc]
  collapse library dir [/Users/kima/.espressif/tools/xtensa-esp32s3-elf/esp-2021r2-patch3-8.4.0/xtensa-esp32s3-elf/bin/../lib/gcc/xtensa-esp32s3-elf/8.4.0/../../../../xtensa-esp32s3-elf/lib] ==> [/Users/kima/.espressif/tools/xtensa-esp32s3-elf/esp-2021r2-patch3-8.4.0/xtensa-esp32s3-elf/xtensa-esp32s3-elf/lib]
  implicit libs: [gcc;c;nosys;c;gcc]
  implicit dirs: [/Users/kima/.espressif/tools/xtensa-esp32s3-elf/esp-2021r2-patch3-8.4.0/xtensa-esp32s3-elf/lib/gcc/xtensa-esp32s3-elf/8.4.0;/Users/kima/.espressif/tools/xtensa-esp32s3-elf/esp-2021r2-patch3-8.4.0/xtensa-esp32s3-elf/lib/gcc;/Users/kima/.espressif/tools/xtensa-esp32s3-elf/esp-2021r2-patch3-8.4.0/xtensa-esp32s3-elf/xtensa-esp32s3-elf/lib]
  implicit fwks: []


Determining if the CXX compiler works passed with the following output:
Change Dir: /Users/kima/Documents/touch-rehab/onboarding/blink/build/bootloader/CMakeFiles/CMakeTmp

Run Build Command(s):/usr/local/bin/ninja cmTC_edd74 && [1/2] Building CXX object CMakeFiles/cmTC_edd74.dir/testCXXCompiler.cxx.obj
[2/2] Linking CXX executable cmTC_edd74



Detecting CXX compiler ABI info compiled with the following output:
Change Dir: /Users/kima/Documents/touch-rehab/onboarding/blink/build/bootloader/CMakeFiles/CMakeTmp

Run Build Command(s):/usr/local/bin/ninja cmTC_36ce5 && [1/2] Building CXX object CMakeFiles/cmTC_36ce5.dir/CMakeCXXCompilerABI.cpp.obj
Using built-in specs.
COLLECT_GCC=/Users/kima/.espressif/tools/xtensa-esp32s3-elf/esp-2021r2-patch3-8.4.0/xtensa-esp32s3-elf/bin/xtensa-esp32s3-elf-g++
Target: xtensa-esp32s3-elf
Configured with: /builds/idf/crosstool-NG/.build/HOST-x86_64-apple-darwin12/xtensa-esp32s3-elf/src/gcc/configure --build=x86_64-build_pc-linux-gnu --host=x86_64-host_apple-darwin12 --target=xtensa-esp32s3-elf --prefix=/builds/idf/crosstool-NG/builds/xtensa-esp32s3-elf --with-local-prefix=/builds/idf/crosstool-NG/builds/xtensa-esp32s3-elf/xtensa-esp32s3-elf --with-headers=/builds/idf/crosstool-NG/builds/xtensa-esp32s3-elf/xtensa-esp32s3-elf/include --with-newlib --enable-threads=no --disable-shared --with-pkgversion='crosstool-NG esp-2021r2-patch3' --disable-__cxa_atexit --enable-cxx-flags=-ffunction-sections --disable-libgomp --disable-libmudflap --disable-libmpx --disable-libssp --disable-libquadmath --disable-libquadmath-support --with-gmp=/builds/idf/crosstool-NG/.build/HOST-x86_64-apple-darwin12/xtensa-esp32s3-elf/buildtools/complibs-host --with-mpfr=/builds/idf/crosstool-NG/.build/HOST-x86_64-apple-darwin12/xtensa-esp32s3-elf/buildtools/complibs-host --with-mpc=/builds/idf/crosstool-NG/.build/HOST-x86_64-apple-darwin12/xtensa-esp32s3-elf/buildtools/complibs-host --with-isl=/builds/idf/crosstool-NG/.build/HOST-x86_64-apple-darwin12/xtensa-esp32s3-elf/buildtools/complibs-host --enable-lto --enable-target-optspace --without-long-double-128 --disable-nls --enable-multiarch --enable-languages=c,c++ --disable-libstdcxx-verbose --enable-threads=posix --enable-gcov-custom-rtio --enable-libstdcxx-time=yes
Thread model: posix
gcc version 8.4.0 (crosstool-NG esp-2021r2-patch3) 
COLLECT_GCC_OPTIONS='-mlongcalls' '-v' '-o' 'CMakeFiles/cmTC_36ce5.dir/CMakeCXXCompilerABI.cpp.obj' '-c'
 /Users/kima/.espressif/tools/xtensa-esp32s3-elf/esp-2021r2-patch3-8.4.0/xtensa-esp32s3-elf/bin/../libexec/gcc/xtensa-esp32s3-elf/8.4.0/cc1plus -quiet -v -iprefix /Users/kima/.espressif/tools/xtensa-esp32s3-elf/esp-2021r2-patch3-8.4.0/xtensa-esp32s3-elf/bin/../lib/gcc/xtensa-esp32s3-elf/8.4.0/ /usr/local/Cellar/cmake/3.17.0/share/cmake/Modules/CMakeCXXCompilerABI.cpp -quiet -dumpbase CMakeCXXCompilerABI.cpp -mlongcalls -auxbase-strip CMakeFiles/cmTC_36ce5.dir/CMakeCXXCompilerABI.cpp.obj -version -o /var/folders/2_/n6wvn_6s037gk2__062l5gr40000gn/T//ccIZj1H9.s
GNU C++14 (crosstool-NG esp-2021r2-patch3) version 8.4.0 (xtensa-esp32s3-elf)
	compiled by GNU C version 8.3.0, GMP version 6.2.0, MPFR version 4.0.2, MPC version 1.1.0, isl version isl-0.19-GMP

GGC heuristics: --param ggc-min-expand=100 --param ggc-min-heapsize=131072
ignoring duplicate directory "/Users/kima/.espressif/tools/xtensa-esp32s3-elf/esp-2021r2-patch3-8.4.0/xtensa-esp32s3-elf/bin/../lib/gcc/../../lib/gcc/xtensa-esp32s3-elf/8.4.0/../../../../xtensa-esp32s3-elf/include/c++/8.4.0"
ignoring duplicate directory "/Users/kima/.espressif/tools/xtensa-esp32s3-elf/esp-2021r2-patch3-8.4.0/xtensa-esp32s3-elf/bin/../lib/gcc/../../lib/gcc/xtensa-esp32s3-elf/8.4.0/../../../../xtensa-esp32s3-elf/include/c++/8.4.0/xtensa-esp32s3-elf"
ignoring duplicate directory "/Users/kima/.espressif/tools/xtensa-esp32s3-elf/esp-2021r2-patch3-8.4.0/xtensa-esp32s3-elf/bin/../lib/gcc/../../lib/gcc/xtensa-esp32s3-elf/8.4.0/../../../../xtensa-esp32s3-elf/include/c++/8.4.0/backward"
ignoring duplicate directory "/Users/kima/.espressif/tools/xtensa-esp32s3-elf/esp-2021r2-patch3-8.4.0/xtensa-esp32s3-elf/bin/../lib/gcc/../../lib/gcc/xtensa-esp32s3-elf/8.4.0/include"
ignoring duplicate directory "/Users/kima/.espressif/tools/xtensa-esp32s3-elf/esp-2021r2-patch3-8.4.0/xtensa-esp32s3-elf/bin/../lib/gcc/../../lib/gcc/xtensa-esp32s3-elf/8.4.0/include-fixed"
ignoring duplicate directory "/Users/kima/.espressif/tools/xtensa-esp32s3-elf/esp-2021r2-patch3-8.4.0/xtensa-esp32s3-elf/bin/../lib/gcc/../../lib/gcc/xtensa-esp32s3-elf/8.4.0/../../../../xtensa-esp32s3-elf/sys-include"
ignoring duplicate directory "/Users/kima/.espressif/tools/xtensa-esp32s3-elf/esp-2021r2-patch3-8.4.0/xtensa-esp32s3-elf/bin/../lib/gcc/../../lib/gcc/xtensa-esp32s3-elf/8.4.0/../../../../xtensa-esp32s3-elf/include"
#include "..." search starts here:
#include <...> search starts here:
 /Users/kima/.espressif/tools/xtensa-esp32s3-elf/esp-2021r2-patch3-8.4.0/xtensa-esp32s3-elf/bin/../lib/gcc/xtensa-esp32s3-elf/8.4.0/../../../../xtensa-esp32s3-elf/include/c++/8.4.0
 /Users/kima/.espressif/tools/xtensa-esp32s3-elf/esp-2021r2-patch3-8.4.0/xtensa-esp32s3-elf/bin/../lib/gcc/xtensa-esp32s3-elf/8.4.0/../../../../xtensa-esp32s3-elf/include/c++/8.4.0/xtensa-esp32s3-elf
 /Users/kima/.espressif/tools/xtensa-esp32s3-elf/esp-2021r2-patch3-8.4.0/xtensa-esp32s3-elf/bin/../lib/gcc/xtensa-esp32s3-elf/8.4.0/../../../../xtensa-esp32s3-elf/include/c++/8.4.0/backward
 /Users/kima/.espressif/tools/xtensa-esp32s3-elf/esp-2021r2-patch3-8.4.0/xtensa-esp32s3-elf/bin/../lib/gcc/xtensa-esp32s3-elf/8.4.0/include
 /Users/kima/.espressif/tools/xtensa-esp32s3-elf/esp-2021r2-patch3-8.4.0/xtensa-esp32s3-elf/bin/../lib/gcc/xtensa-esp32s3-elf/8.4.0/include-fixed
 /Users/kima/.espressif/tools/xtensa-esp32s3-elf/esp-2021r2-patch3-8.4.0/xtensa-esp32s3-elf/bin/../lib/gcc/xtensa-esp32s3-elf/8.4.0/../../../../xtensa-esp32s3-elf/sys-include
 /Users/kima/.espressif/tools/xtensa-esp32s3-elf/esp-2021r2-patch3-8.4.0/xtensa-esp32s3-elf/bin/../lib/gcc/xtensa-esp32s3-elf/8.4.0/../../../../xtensa-esp32s3-elf/include
End of search list.
GNU C++14 (crosstool-NG esp-2021r2-patch3) version 8.4.0 (xtensa-esp32s3-elf)
	compiled by GNU C version 8.3.0, GMP version 6.2.0, MPFR version 4.0.2, MPC version 1.1.0, isl version isl-0.19-GMP

GGC heuristics: --param ggc-min-expand=100 --param ggc-min-heapsize=131072
Compiler executable checksum: 8b29b90a7ccf318c7c651f4bc57ecca6
COLLECT_GCC_OPTIONS='-mlongcalls' '-v' '-o' 'CMakeFiles/cmTC_36ce5.dir/CMakeCXXCompilerABI.cpp.obj' '-c'
 /Users/kima/.espressif/tools/xtensa-esp32s3-elf/esp-2021r2-patch3-8.4.0/xtensa-esp32s3-elf/bin/../lib/gcc/xtensa-esp32s3-elf/8.4.0/../../../../xtensa-esp32s3-elf/bin/as --traditional-format --longcalls -o CMakeFiles/cmTC_36ce5.dir/CMakeCXXCompilerABI.cpp.obj /var/folders/2_/n6wvn_6s037gk2__062l5gr40000gn/T//ccIZj1H9.s
COMPILER_PATH=/Users/kima/.espressif/tools/xtensa-esp32s3-elf/esp-2021r2-patch3-8.4.0/xtensa-esp32s3-elf/bin/../libexec/gcc/xtensa-esp32s3-elf/8.4.0/:/Users/kima/.espressif/tools/xtensa-esp32s3-elf/esp-2021r2-patch3-8.4.0/xtensa-esp32s3-elf/bin/../libexec/gcc/:/Users/kima/.espressif/tools/xtensa-esp32s3-elf/esp-2021r2-patch3-8.4.0/xtensa-esp32s3-elf/bin/../lib/gcc/xtensa-esp32s3-elf/8.4.0/../../../../xtensa-esp32s3-elf/bin/
LIBRARY_PATH=/Users/kima/.espressif/tools/xtensa-esp32s3-elf/esp-2021r2-patch3-8.4.0/xtensa-esp32s3-elf/bin/../lib/gcc/xtensa-esp32s3-elf/8.4.0/:/Users/kima/.espressif/tools/xtensa-esp32s3-elf/esp-2021r2-patch3-8.4.0/xtensa-esp32s3-elf/bin/../lib/gcc/:/Users/kima/.espressif/tools/xtensa-esp32s3-elf/esp-2021r2-patch3-8.4.0/xtensa-esp32s3-elf/bin/../lib/gcc/xtensa-esp32s3-elf/8.4.0/../../../../xtensa-esp32s3-elf/lib/
COLLECT_GCC_OPTIONS='-mlongcalls' '-v' '-o' 'CMakeFiles/cmTC_36ce5.dir/CMakeCXXCompilerABI.cpp.obj' '-c'
[2/2] Linking CXX executable cmTC_36ce5
Using built-in specs.
COLLECT_GCC=/Users/kima/.espressif/tools/xtensa-esp32s3-elf/esp-2021r2-patch3-8.4.0/xtensa-esp32s3-elf/bin/xtensa-esp32s3-elf-g++
COLLECT_LTO_WRAPPER=/Users/kima/.espressif/tools/xtensa-esp32s3-elf/esp-2021r2-patch3-8.4.0/xtensa-esp32s3-elf/bin/../libexec/gcc/xtensa-esp32s3-elf/8.4.0/lto-wrapper
Target: xtensa-esp32s3-elf
Configured with: /builds/idf/crosstool-NG/.build/HOST-x86_64-apple-darwin12/xtensa-esp32s3-elf/src/gcc/configure --build=x86_64-build_pc-linux-gnu --host=x86_64-host_apple-darwin12 --target=xtensa-esp32s3-elf --prefix=/builds/idf/crosstool-NG/builds/xtensa-esp32s3-elf --with-local-prefix=/builds/idf/crosstool-NG/builds/xtensa-esp32s3-elf/xtensa-esp32s3-elf --with-headers=/builds/idf/crosstool-NG/builds/xtensa-esp32s3-elf/xtensa-esp32s3-elf/include --with-newlib --enable-threads=no --disable-shared --with-pkgversion='crosstool-NG esp-2021r2-patch3' --disable-__cxa_atexit --enable-cxx-flags=-ffunction-sections --disable-libgomp --disable-libmudflap --disable-libmpx --disable-libssp --disable-libquadmath --disable-libquadmath-support --with-gmp=/builds/idf/crosstool-NG/.build/HOST-x86_64-apple-darwin12/xtensa-esp32s3-elf/buildtools/complibs-host --with-mpfr=/builds/idf/crosstool-NG/.build/HOST-x86_64-apple-darwin12/xtensa-esp32s3-elf/buildtools/complibs-host --with-mpc=/builds/idf/crosstool-NG/.build/HOST-x86_64-apple-darwin12/xtensa-esp32s3-elf/buildtools/complibs-host --with-isl=/builds/idf/crosstool-NG/.build/HOST-x86_64-apple-darwin12/xtensa-esp32s3-elf/buildtools/complibs-host --enable-lto --enable-target-optspace --without-long-double-128 --disable-nls --enable-multiarch --enable-languages=c,c++ --disable-libstdcxx-verbose --enable-threads=posix --enable-gcov-custom-rtio --enable-libstdcxx-time=yes
Thread model: posix
gcc version 8.4.0 (crosstool-NG esp-2021r2-patch3) 
COMPILER_PATH=/Users/kima/.espressif/tools/xtensa-esp32s3-elf/esp-2021r2-patch3-8.4.0/xtensa-esp32s3-elf/bin/../libexec/gcc/xtensa-esp32s3-elf/8.4.0/:/Users/kima/.espressif/tools/xtensa-esp32s3-elf/esp-2021r2-patch3-8.4.0/xtensa-esp32s3-elf/bin/../libexec/gcc/:/Users/kima/.espressif/tools/xtensa-esp32s3-elf/esp-2021r2-patch3-8.4.0/xtensa-esp32s3-elf/bin/../lib/gcc/xtensa-esp32s3-elf/8.4.0/../../../../xtensa-esp32s3-elf/bin/
LIBRARY_PATH=/Users/kima/.espressif/tools/xtensa-esp32s3-elf/esp-2021r2-patch3-8.4.0/xtensa-esp32s3-elf/bin/../lib/gcc/xtensa-esp32s3-elf/8.4.0/:/Users/kima/.espressif/tools/xtensa-esp32s3-elf/esp-2021r2-patch3-8.4.0/xtensa-esp32s3-elf/bin/../lib/gcc/:/Users/kima/.espressif/tools/xtensa-esp32s3-elf/esp-2021r2-patch3-8.4.0/xtensa-esp32s3-elf/bin/../lib/gcc/xtensa-esp32s3-elf/8.4.0/../../../../xtensa-esp32s3-elf/lib/
COLLECT_GCC_OPTIONS='-mlongcalls' '-v' '-o' 'cmTC_36ce5'
 /Users/kima/.espressif/tools/xtensa-esp32s3-elf/esp-2021r2-patch3-8.4.0/xtensa-esp32s3-elf/bin/../libexec/gcc/xtensa-esp32s3-elf/8.4.0/collect2 -plugin /Users/kima/.espressif/tools/xtensa-esp32s3-elf/esp-2021r2-patch3-8.4.0/xtensa-esp32s3-elf/bin/../libexec/gcc/xtensa-esp32s3-elf/8.4.0/liblto_plugin.so -plugin-opt=/Users/kima/.espressif/tools/xtensa-esp32s3-elf/esp-2021r2-patch3-8.4.0/xtensa-esp32s3-elf/bin/../libexec/gcc/xtensa-esp32s3-elf/8.4.0/lto-wrapper -plugin-opt=-fresolution=/var/folders/2_/n6wvn_6s037gk2__062l5gr40000gn/T//ccz9FFjq.res -plugin-opt=-pass-through=-lgcc -plugin-opt=-pass-through=-lc -plugin-opt=-pass-through=-lnosys -plugin-opt=-pass-through=-lc -plugin-opt=-pass-through=-lgcc -o cmTC_36ce5 /Users/kima/.espressif/tools/xtensa-esp32s3-elf/esp-2021r2-patch3-8.4.0/xtensa-esp32s3-elf/bin/../lib/gcc/xtensa-esp32s3-elf/8.4.0/../../../../xtensa-esp32s3-elf/lib/crt0.o /Users/kima/.espressif/tools/xtensa-esp32s3-elf/esp-2021r2-patch3-8.4.0/xtensa-esp32s3-elf/bin/../lib/gcc/xtensa-esp32s3-elf/8.4.0/crti.o /Users/kima/.espressif/tools/xtensa-esp32s3-elf/esp-2021r2-patch3-8.4.0/xtensa-esp32s3-elf/bin/../lib/gcc/xtensa-esp32s3-elf/8.4.0/crtbegin.o -L/Users/kima/.espressif/tools/xtensa-esp32s3-elf/esp-2021r2-patch3-8.4.0/xtensa-esp32s3-elf/bin/../lib/gcc/xtensa-esp32s3-elf/8.4.0 -L/Users/kima/.espressif/tools/xtensa-esp32s3-elf/esp-2021r2-patch3-8.4.0/xtensa-esp32s3-elf/bin/../lib/gcc -L/Users/kima/.espressif/tools/xtensa-esp32s3-elf/esp-2021r2-patch3-8.4.0/xtensa-esp32s3-elf/bin/../lib/gcc/xtensa-esp32s3-elf/8.4.0/../../../../xtensa-esp32s3-elf/lib CMakeFiles/cmTC_36ce5.dir/CMakeCXXCompilerABI.cpp.obj -lstdc++ -lm -lgcc -lc -lnosys -lc -lgcc /Users/kima/.espressif/tools/xtensa-esp32s3-elf/esp-2021r2-patch3-8.4.0/xtensa-esp32s3-elf/bin/../lib/gcc/xtensa-esp32s3-elf/8.4.0/crtend.o /Users/kima/.espressif/tools/xtensa-esp32s3-elf/esp-2021r2-patch3-8.4.0/xtensa-esp32s3-elf/bin/../lib/gcc/xtensa-esp32s3-elf/8.4.0/crtn.o
COLLECT_GCC_OPTIONS='-mlongcalls' '-v' '-o' 'cmTC_36ce5'



Parsed CXX implicit include dir info from above output: rv=done
  found start of include info
  found start of implicit include info
    add: [/Users/kima/.espressif/tools/xtensa-esp32s3-elf/esp-2021r2-patch3-8.4.0/xtensa-esp32s3-elf/bin/../lib/gcc/xtensa-esp32s3-elf/8.4.0/../../../../xtensa-esp32s3-elf/include/c++/8.4.0]
    add: [/Users/kima/.espressif/tools/xtensa-esp32s3-elf/esp-2021r2-patch3-8.4.0/xtensa-esp32s3-elf/bin/../lib/gcc/xtensa-esp32s3-elf/8.4.0/../../../../xtensa-esp32s3-elf/include/c++/8.4.0/xtensa-esp32s3-elf]
    add: [/Users/kima/.espressif/tools/xtensa-esp32s3-elf/esp-2021r2-patch3-8.4.0/xtensa-esp32s3-elf/bin/../lib/gcc/xtensa-esp32s3-elf/8.4.0/../../../../xtensa-esp32s3-elf/include/c++/8.4.0/backward]
    add: [/Users/kima/.espressif/tools/xtensa-esp32s3-elf/esp-2021r2-patch3-8.4.0/xtensa-esp32s3-elf/bin/../lib/gcc/xtensa-esp32s3-elf/8.4.0/include]
    add: [/Users/kima/.espressif/tools/xtensa-esp32s3-elf/esp-2021r2-patch3-8.4.0/xtensa-esp32s3-elf/bin/../lib/gcc/xtensa-esp32s3-elf/8.4.0/include-fixed]
    add: [/Users/kima/.espressif/tools/xtensa-esp32s3-elf/esp-2021r2-patch3-8.4.0/xtensa-esp32s3-elf/bin/../lib/gcc/xtensa-esp32s3-elf/8.4.0/../../../../xtensa-esp32s3-elf/sys-include]
    add: [/Users/kima/.espressif/tools/xtensa-esp32s3-elf/esp-2021r2-patch3-8.4.0/xtensa-esp32s3-elf/bin/../lib/gcc/xtensa-esp32s3-elf/8.4.0/../../../../xtensa-esp32s3-elf/include]
  end of search list found
  collapse include dir [/Users/kima/.espressif/tools/xtensa-esp32s3-elf/esp-2021r2-patch3-8.4.0/xtensa-esp32s3-elf/bin/../lib/gcc/xtensa-esp32s3-elf/8.4.0/../../../../xtensa-esp32s3-elf/include/c++/8.4.0] ==> [/Users/kima/.espressif/tools/xtensa-esp32s3-elf/esp-2021r2-patch3-8.4.0/xtensa-esp32s3-elf/xtensa-esp32s3-elf/include/c++/8.4.0]
  collapse include dir [/Users/kima/.espressif/tools/xtensa-esp32s3-elf/esp-2021r2-patch3-8.4.0/xtensa-esp32s3-elf/bin/../lib/gcc/xtensa-esp32s3-elf/8.4.0/../../../../xtensa-esp32s3-elf/include/c++/8.4.0/xtensa-esp32s3-elf] ==> [/Users/kima/.espressif/tools/xtensa-esp32s3-elf/esp-2021r2-patch3-8.4.0/xtensa-esp32s3-elf/xtensa-esp32s3-elf/include/c++/8.4.0/xtensa-esp32s3-elf]
  collapse include dir [/Users/kima/.espressif/tools/xtensa-esp32s3-elf/esp-2021r2-patch3-8.4.0/xtensa-esp32s3-elf/bin/../lib/gcc/xtensa-esp32s3-elf/8.4.0/../../../../xtensa-esp32s3-elf/include/c++/8.4.0/backward] ==> [/Users/kima/.espressif/tools/xtensa-esp32s3-elf/esp-2021r2-patch3-8.4.0/xtensa-esp32s3-elf/xtensa-esp32s3-elf/include/c++/8.4.0/backward]
  collapse include dir [/Users/kima/.espressif/tools/xtensa-esp32s3-elf/esp-2021r2-patch3-8.4.0/xtensa-esp32s3-elf/bin/../lib/gcc/xtensa-esp32s3-elf/8.4.0/include] ==> [/Users/kima/.espressif/tools/xtensa-esp32s3-elf/esp-2021r2-patch3-8.4.0/xtensa-esp32s3-elf/lib/gcc/xtensa-esp32s3-elf/8.4.0/include]
  collapse include dir [/Users/kima/.espressif/tools/xtensa-esp32s3-elf/esp-2021r2-patch3-8.4.0/xtensa-esp32s3-elf/bin/../lib/gcc/xtensa-esp32s3-elf/8.4.0/include-fixed] ==> [/Users/kima/.espressif/tools/xtensa-esp32s3-elf/esp-2021r2-patch3-8.4.0/xtensa-esp32s3-elf/lib/gcc/xtensa-esp32s3-elf/8.4.0/include-fixed]
  collapse include dir [/Users/kima/.espressif/tools/xtensa-esp32s3-elf/esp-2021r2-patch3-8.4.0/xtensa-esp32s3-elf/bin/../lib/gcc/xtensa-esp32s3-elf/8.4.0/../../../../xtensa-esp32s3-elf/sys-include] ==> [/Users/kima/.espressif/tools/xtensa-esp32s3-elf/esp-2021r2-patch3-8.4.0/xtensa-esp32s3-elf/xtensa-esp32s3-elf/sys-include]
  collapse include dir [/Users/kima/.espressif/tools/xtensa-esp32s3-elf/esp-2021r2-patch3-8.4.0/xtensa-esp32s3-elf/bin/../lib/gcc/xtensa-esp32s3-elf/8.4.0/../../../../xtensa-esp32s3-elf/include] ==> [/Users/kima/.espressif/tools/xtensa-esp32s3-elf/esp-2021r2-patch3-8.4.0/xtensa-esp32s3-elf/xtensa-esp32s3-elf/include]
  implicit include dirs: [/Users/kima/.espressif/tools/xtensa-esp32s3-elf/esp-2021r2-patch3-8.4.0/xtensa-esp32s3-elf/xtensa-esp32s3-elf/include/c++/8.4.0;/Users/kima/.espressif/tools/xtensa-esp32s3-elf/esp-2021r2-patch3-8.4.0/xtensa-esp32s3-elf/xtensa-esp32s3-elf/include/c++/8.4.0/xtensa-esp32s3-elf;/Users/kima/.espressif/tools/xtensa-esp32s3-elf/esp-2021r2-patch3-8.4.0/xtensa-esp32s3-elf/xtensa-esp32s3-elf/include/c++/8.4.0/backward;/Users/kima/.espressif/tools/xtensa-esp32s3-elf/esp-2021r2-patch3-8.4.0/xtensa-esp32s3-elf/lib/gcc/xtensa-esp32s3-elf/8.4.0/include;/Users/kima/.espressif/tools/xtensa-esp32s3-elf/esp-2021r2-patch3-8.4.0/xtensa-esp32s3-elf/lib/gcc/xtensa-esp32s3-elf/8.4.0/include-fixed;/Users/kima/.espressif/tools/xtensa-esp32s3-elf/esp-2021r2-patch3-8.4.0/xtensa-esp32s3-elf/xtensa-esp32s3-elf/sys-include;/Users/kima/.espressif/tools/xtensa-esp32s3-elf/esp-2021r2-patch3-8.4.0/xtensa-esp32s3-elf/xtensa-esp32s3-elf/include]


Parsed CXX implicit link information from above output:
  link line regex: [^( *|.*[/\])(xtensa-esp32s3-elf-ld|CMAKE_LINK_STARTFILE-NOTFOUND|([^/\]+-)?ld|collect2)[^/\]*( |$)]
  ignore line: [Change Dir: /Users/kima/Documents/touch-rehab/onboarding/blink/build/bootloader/CMakeFiles/CMakeTmp]
  ignore line: []
  ignore line: [Run Build Command(s):/usr/local/bin/ninja cmTC_36ce5 && [1/2] Building CXX object CMakeFiles/cmTC_36ce5.dir/CMakeCXXCompilerABI.cpp.obj]
  ignore line: [Using built-in specs.]
  ignore line: [COLLECT_GCC=/Users/kima/.espressif/tools/xtensa-esp32s3-elf/esp-2021r2-patch3-8.4.0/xtensa-esp32s3-elf/bin/xtensa-esp32s3-elf-g++]
  ignore line: [Target: xtensa-esp32s3-elf]
  ignore line: [Configured with: /builds/idf/crosstool-NG/.build/HOST-x86_64-apple-darwin12/xtensa-esp32s3-elf/src/gcc/configure --build=x86_64-build_pc-linux-gnu --host=x86_64-host_apple-darwin12 --target=xtensa-esp32s3-elf --prefix=/builds/idf/crosstool-NG/builds/xtensa-esp32s3-elf --with-local-prefix=/builds/idf/crosstool-NG/builds/xtensa-esp32s3-elf/xtensa-esp32s3-elf --with-headers=/builds/idf/crosstool-NG/builds/xtensa-esp32s3-elf/xtensa-esp32s3-elf/include --with-newlib --enable-threads=no --disable-shared --with-pkgversion='crosstool-NG esp-2021r2-patch3' --disable-__cxa_atexit --enable-cxx-flags=-ffunction-sections --disable-libgomp --disable-libmudflap --disable-libmpx --disable-libssp --disable-libquadmath --disable-libquadmath-support --with-gmp=/builds/idf/crosstool-NG/.build/HOST-x86_64-apple-darwin12/xtensa-esp32s3-elf/buildtools/complibs-host --with-mpfr=/builds/idf/crosstool-NG/.build/HOST-x86_64-apple-darwin12/xtensa-esp32s3-elf/buildtools/complibs-host --with-mpc=/builds/idf/crosstool-NG/.build/HOST-x86_64-apple-darwin12/xtensa-esp32s3-elf/buildtools/complibs-host --with-isl=/builds/idf/crosstool-NG/.build/HOST-x86_64-apple-darwin12/xtensa-esp32s3-elf/buildtools/complibs-host --enable-lto --enable-target-optspace --without-long-double-128 --disable-nls --enable-multiarch --enable-languages=c c++ --disable-libstdcxx-verbose --enable-threads=posix --enable-gcov-custom-rtio --enable-libstdcxx-time=yes]
  ignore line: [Thread model: posix]
  ignore line: [gcc version 8.4.0 (crosstool-NG esp-2021r2-patch3) ]
  ignore line: [COLLECT_GCC_OPTIONS='-mlongcalls' '-v' '-o' 'CMakeFiles/cmTC_36ce5.dir/CMakeCXXCompilerABI.cpp.obj' '-c']
  ignore line: [ /Users/kima/.espressif/tools/xtensa-esp32s3-elf/esp-2021r2-patch3-8.4.0/xtensa-esp32s3-elf/bin/../libexec/gcc/xtensa-esp32s3-elf/8.4.0/cc1plus -quiet -v -iprefix /Users/kima/.espressif/tools/xtensa-esp32s3-elf/esp-2021r2-patch3-8.4.0/xtensa-esp32s3-elf/bin/../lib/gcc/xtensa-esp32s3-elf/8.4.0/ /usr/local/Cellar/cmake/3.17.0/share/cmake/Modules/CMakeCXXCompilerABI.cpp -quiet -dumpbase CMakeCXXCompilerABI.cpp -mlongcalls -auxbase-strip CMakeFiles/cmTC_36ce5.dir/CMakeCXXCompilerABI.cpp.obj -version -o /var/folders/2_/n6wvn_6s037gk2__062l5gr40000gn/T//ccIZj1H9.s]
  ignore line: [GNU C++14 (crosstool-NG esp-2021r2-patch3) version 8.4.0 (xtensa-esp32s3-elf)]
  ignore line: [	compiled by GNU C version 8.3.0  GMP version 6.2.0  MPFR version 4.0.2  MPC version 1.1.0  isl version isl-0.19-GMP]
  ignore line: []
  ignore line: [GGC heuristics: --param ggc-min-expand=100 --param ggc-min-heapsize=131072]
  ignore line: [ignoring duplicate directory "/Users/kima/.espressif/tools/xtensa-esp32s3-elf/esp-2021r2-patch3-8.4.0/xtensa-esp32s3-elf/bin/../lib/gcc/../../lib/gcc/xtensa-esp32s3-elf/8.4.0/../../../../xtensa-esp32s3-elf/include/c++/8.4.0"]
  ignore line: [ignoring duplicate directory "/Users/kima/.espressif/tools/xtensa-esp32s3-elf/esp-2021r2-patch3-8.4.0/xtensa-esp32s3-elf/bin/../lib/gcc/../../lib/gcc/xtensa-esp32s3-elf/8.4.0/../../../../xtensa-esp32s3-elf/include/c++/8.4.0/xtensa-esp32s3-elf"]
  ignore line: [ignoring duplicate directory "/Users/kima/.espressif/tools/xtensa-esp32s3-elf/esp-2021r2-patch3-8.4.0/xtensa-esp32s3-elf/bin/../lib/gcc/../../lib/gcc/xtensa-esp32s3-elf/8.4.0/../../../../xtensa-esp32s3-elf/include/c++/8.4.0/backward"]
  ignore line: [ignoring duplicate directory "/Users/kima/.espressif/tools/xtensa-esp32s3-elf/esp-2021r2-patch3-8.4.0/xtensa-esp32s3-elf/bin/../lib/gcc/../../lib/gcc/xtensa-esp32s3-elf/8.4.0/include"]
  ignore line: [ignoring duplicate directory "/Users/kima/.espressif/tools/xtensa-esp32s3-elf/esp-2021r2-patch3-8.4.0/xtensa-esp32s3-elf/bin/../lib/gcc/../../lib/gcc/xtensa-esp32s3-elf/8.4.0/include-fixed"]
  ignore line: [ignoring duplicate directory "/Users/kima/.espressif/tools/xtensa-esp32s3-elf/esp-2021r2-patch3-8.4.0/xtensa-esp32s3-elf/bin/../lib/gcc/../../lib/gcc/xtensa-esp32s3-elf/8.4.0/../../../../xtensa-esp32s3-elf/sys-include"]
  ignore line: [ignoring duplicate directory "/Users/kima/.espressif/tools/xtensa-esp32s3-elf/esp-2021r2-patch3-8.4.0/xtensa-esp32s3-elf/bin/../lib/gcc/../../lib/gcc/xtensa-esp32s3-elf/8.4.0/../../../../xtensa-esp32s3-elf/include"]
  ignore line: [#include "..." search starts here:]
  ignore line: [#include <...> search starts here:]
  ignore line: [ /Users/kima/.espressif/tools/xtensa-esp32s3-elf/esp-2021r2-patch3-8.4.0/xtensa-esp32s3-elf/bin/../lib/gcc/xtensa-esp32s3-elf/8.4.0/../../../../xtensa-esp32s3-elf/include/c++/8.4.0]
  ignore line: [ /Users/kima/.espressif/tools/xtensa-esp32s3-elf/esp-2021r2-patch3-8.4.0/xtensa-esp32s3-elf/bin/../lib/gcc/xtensa-esp32s3-elf/8.4.0/../../../../xtensa-esp32s3-elf/include/c++/8.4.0/xtensa-esp32s3-elf]
  ignore line: [ /Users/kima/.espressif/tools/xtensa-esp32s3-elf/esp-2021r2-patch3-8.4.0/xtensa-esp32s3-elf/bin/../lib/gcc/xtensa-esp32s3-elf/8.4.0/../../../../xtensa-esp32s3-elf/include/c++/8.4.0/backward]
  ignore line: [ /Users/kima/.espressif/tools/xtensa-esp32s3-elf/esp-2021r2-patch3-8.4.0/xtensa-esp32s3-elf/bin/../lib/gcc/xtensa-esp32s3-elf/8.4.0/include]
  ignore line: [ /Users/kima/.espressif/tools/xtensa-esp32s3-elf/esp-2021r2-patch3-8.4.0/xtensa-esp32s3-elf/bin/../lib/gcc/xtensa-esp32s3-elf/8.4.0/include-fixed]
  ignore line: [ /Users/kima/.espressif/tools/xtensa-esp32s3-elf/esp-2021r2-patch3-8.4.0/xtensa-esp32s3-elf/bin/../lib/gcc/xtensa-esp32s3-elf/8.4.0/../../../../xtensa-esp32s3-elf/sys-include]
  ignore line: [ /Users/kima/.espressif/tools/xtensa-esp32s3-elf/esp-2021r2-patch3-8.4.0/xtensa-esp32s3-elf/bin/../lib/gcc/xtensa-esp32s3-elf/8.4.0/../../../../xtensa-esp32s3-elf/include]
  ignore line: [End of search list.]
  ignore line: [GNU C++14 (crosstool-NG esp-2021r2-patch3) version 8.4.0 (xtensa-esp32s3-elf)]
  ignore line: [	compiled by GNU C version 8.3.0  GMP version 6.2.0  MPFR version 4.0.2  MPC version 1.1.0  isl version isl-0.19-GMP]
  ignore line: []
  ignore line: [GGC heuristics: --param ggc-min-expand=100 --param ggc-min-heapsize=131072]
  ignore line: [Compiler executable checksum: 8b29b90a7ccf318c7c651f4bc57ecca6]
  ignore line: [COLLECT_GCC_OPTIONS='-mlongcalls' '-v' '-o' 'CMakeFiles/cmTC_36ce5.dir/CMakeCXXCompilerABI.cpp.obj' '-c']
  ignore line: [ /Users/kima/.espressif/tools/xtensa-esp32s3-elf/esp-2021r2-patch3-8.4.0/xtensa-esp32s3-elf/bin/../lib/gcc/xtensa-esp32s3-elf/8.4.0/../../../../xtensa-esp32s3-elf/bin/as --traditional-format --longcalls -o CMakeFiles/cmTC_36ce5.dir/CMakeCXXCompilerABI.cpp.obj /var/folders/2_/n6wvn_6s037gk2__062l5gr40000gn/T//ccIZj1H9.s]
  ignore line: [COMPILER_PATH=/Users/kima/.espressif/tools/xtensa-esp32s3-elf/esp-2021r2-patch3-8.4.0/xtensa-esp32s3-elf/bin/../libexec/gcc/xtensa-esp32s3-elf/8.4.0/:/Users/kima/.espressif/tools/xtensa-esp32s3-elf/esp-2021r2-patch3-8.4.0/xtensa-esp32s3-elf/bin/../libexec/gcc/:/Users/kima/.espressif/tools/xtensa-esp32s3-elf/esp-2021r2-patch3-8.4.0/xtensa-esp32s3-elf/bin/../lib/gcc/xtensa-esp32s3-elf/8.4.0/../../../../xtensa-esp32s3-elf/bin/]
  ignore line: [LIBRARY_PATH=/Users/kima/.espressif/tools/xtensa-esp32s3-elf/esp-2021r2-patch3-8.4.0/xtensa-esp32s3-elf/bin/../lib/gcc/xtensa-esp32s3-elf/8.4.0/:/Users/kima/.espressif/tools/xtensa-esp32s3-elf/esp-2021r2-patch3-8.4.0/xtensa-esp32s3-elf/bin/../lib/gcc/:/Users/kima/.espressif/tools/xtensa-esp32s3-elf/esp-2021r2-patch3-8.4.0/xtensa-esp32s3-elf/bin/../lib/gcc/xtensa-esp32s3-elf/8.4.0/../../../../xtensa-esp32s3-elf/lib/]
  ignore line: [COLLECT_GCC_OPTIONS='-mlongcalls' '-v' '-o' 'CMakeFiles/cmTC_36ce5.dir/CMakeCXXCompilerABI.cpp.obj' '-c']
  ignore line: [[2/2] Linking CXX executable cmTC_36ce5]
  ignore line: [Using built-in specs.]
  ignore line: [COLLECT_GCC=/Users/kima/.espressif/tools/xtensa-esp32s3-elf/esp-2021r2-patch3-8.4.0/xtensa-esp32s3-elf/bin/xtensa-esp32s3-elf-g++]
  ignore line: [COLLECT_LTO_WRAPPER=/Users/kima/.espressif/tools/xtensa-esp32s3-elf/esp-2021r2-patch3-8.4.0/xtensa-esp32s3-elf/bin/../libexec/gcc/xtensa-esp32s3-elf/8.4.0/lto-wrapper]
  ignore line: [Target: xtensa-esp32s3-elf]
  ignore line: [Configured with: /builds/idf/crosstool-NG/.build/HOST-x86_64-apple-darwin12/xtensa-esp32s3-elf/src/gcc/configure --build=x86_64-build_pc-linux-gnu --host=x86_64-host_apple-darwin12 --target=xtensa-esp32s3-elf --prefix=/builds/idf/crosstool-NG/builds/xtensa-esp32s3-elf --with-local-prefix=/builds/idf/crosstool-NG/builds/xtensa-esp32s3-elf/xtensa-esp32s3-elf --with-headers=/builds/idf/crosstool-NG/builds/xtensa-esp32s3-elf/xtensa-esp32s3-elf/include --with-newlib --enable-threads=no --disable-shared --with-pkgversion='crosstool-NG esp-2021r2-patch3' --disable-__cxa_atexit --enable-cxx-flags=-ffunction-sections --disable-libgomp --disable-libmudflap --disable-libmpx --disable-libssp --disable-libquadmath --disable-libquadmath-support --with-gmp=/builds/idf/crosstool-NG/.build/HOST-x86_64-apple-darwin12/xtensa-esp32s3-elf/buildtools/complibs-host --with-mpfr=/builds/idf/crosstool-NG/.build/HOST-x86_64-apple-darwin12/xtensa-esp32s3-elf/buildtools/complibs-host --with-mpc=/builds/idf/crosstool-NG/.build/HOST-x86_64-apple-darwin12/xtensa-esp32s3-elf/buildtools/complibs-host --with-isl=/builds/idf/crosstool-NG/.build/HOST-x86_64-apple-darwin12/xtensa-esp32s3-elf/buildtools/complibs-host --enable-lto --enable-target-optspace --without-long-double-128 --disable-nls --enable-multiarch --enable-languages=c c++ --disable-libstdcxx-verbose --enable-threads=posix --enable-gcov-custom-rtio --enable-libstdcxx-time=yes]
  ignore line: [Thread model: posix]
  ignore line: [gcc version 8.4.0 (crosstool-NG esp-2021r2-patch3) ]
  ignore line: [COMPILER_PATH=/Users/kima/.espressif/tools/xtensa-esp32s3-elf/esp-2021r2-patch3-8.4.0/xtensa-esp32s3-elf/bin/../libexec/gcc/xtensa-esp32s3-elf/8.4.0/:/Users/kima/.espressif/tools/xtensa-esp32s3-elf/esp-2021r2-patch3-8.4.0/xtensa-esp32s3-elf/bin/../libexec/gcc/:/Users/kima/.espressif/tools/xtensa-esp32s3-elf/esp-2021r2-patch3-8.4.0/xtensa-esp32s3-elf/bin/../lib/gcc/xtensa-esp32s3-elf/8.4.0/../../../../xtensa-esp32s3-elf/bin/]
  ignore line: [LIBRARY_PATH=/Users/kima/.espressif/tools/xtensa-esp32s3-elf/esp-2021r2-patch3-8.4.0/xtensa-esp32s3-elf/bin/../lib/gcc/xtensa-esp32s3-elf/8.4.0/:/Users/kima/.espressif/tools/xtensa-esp32s3-elf/esp-2021r2-patch3-8.4.0/xtensa-esp32s3-elf/bin/../lib/gcc/:/Users/kima/.espressif/tools/xtensa-esp32s3-elf/esp-2021r2-patch3-8.4.0/xtensa-esp32s3-elf/bin/../lib/gcc/xtensa-esp32s3-elf/8.4.0/../../../../xtensa-esp32s3-elf/lib/]
  ignore line: [COLLECT_GCC_OPTIONS='-mlongcalls' '-v' '-o' 'cmTC_36ce5']
  link line: [ /Users/kima/.espressif/tools/xtensa-esp32s3-elf/esp-2021r2-patch3-8.4.0/xtensa-esp32s3-elf/bin/../libexec/gcc/xtensa-esp32s3-elf/8.4.0/collect2 -plugin /Users/kima/.espressif/tools/xtensa-esp32s3-elf/esp-2021r2-patch3-8.4.0/xtensa-esp32s3-elf/bin/../libexec/gcc/xtensa-esp32s3-elf/8.4.0/liblto_plugin.so -plugin-opt=/Users/kima/.espressif/tools/xtensa-esp32s3-elf/esp-2021r2-patch3-8.4.0/xtensa-esp32s3-elf/bin/../libexec/gcc/xtensa-esp32s3-elf/8.4.0/lto-wrapper -plugin-opt=-fresolution=/var/folders/2_/n6wvn_6s037gk2__062l5gr40000gn/T//ccz9FFjq.res -plugin-opt=-pass-through=-lgcc -plugin-opt=-pass-through=-lc -plugin-opt=-pass-through=-lnosys -plugin-opt=-pass-through=-lc -plugin-opt=-pass-through=-lgcc -o cmTC_36ce5 /Users/kima/.espressif/tools/xtensa-esp32s3-elf/esp-2021r2-patch3-8.4.0/xtensa-esp32s3-elf/bin/../lib/gcc/xtensa-esp32s3-elf/8.4.0/../../../../xtensa-esp32s3-elf/lib/crt0.o /Users/kima/.espressif/tools/xtensa-esp32s3-elf/esp-2021r2-patch3-8.4.0/xtensa-esp32s3-elf/bin/../lib/gcc/xtensa-esp32s3-elf/8.4.0/crti.o /Users/kima/.espressif/tools/xtensa-esp32s3-elf/esp-2021r2-patch3-8.4.0/xtensa-esp32s3-elf/bin/../lib/gcc/xtensa-esp32s3-elf/8.4.0/crtbegin.o -L/Users/kima/.espressif/tools/xtensa-esp32s3-elf/esp-2021r2-patch3-8.4.0/xtensa-esp32s3-elf/bin/../lib/gcc/xtensa-esp32s3-elf/8.4.0 -L/Users/kima/.espressif/tools/xtensa-esp32s3-elf/esp-2021r2-patch3-8.4.0/xtensa-esp32s3-elf/bin/../lib/gcc -L/Users/kima/.espressif/tools/xtensa-esp32s3-elf/esp-2021r2-patch3-8.4.0/xtensa-esp32s3-elf/bin/../lib/gcc/xtensa-esp32s3-elf/8.4.0/../../../../xtensa-esp32s3-elf/lib CMakeFiles/cmTC_36ce5.dir/CMakeCXXCompilerABI.cpp.obj -lstdc++ -lm -lgcc -lc -lnosys -lc -lgcc /Users/kima/.espressif/tools/xtensa-esp32s3-elf/esp-2021r2-patch3-8.4.0/xtensa-esp32s3-elf/bin/../lib/gcc/xtensa-esp32s3-elf/8.4.0/crtend.o /Users/kima/.espressif/tools/xtensa-esp32s3-elf/esp-2021r2-patch3-8.4.0/xtensa-esp32s3-elf/bin/../lib/gcc/xtensa-esp32s3-elf/8.4.0/crtn.o]
    arg [/Users/kima/.espressif/tools/xtensa-esp32s3-elf/esp-2021r2-patch3-8.4.0/xtensa-esp32s3-elf/bin/../libexec/gcc/xtensa-esp32s3-elf/8.4.0/collect2] ==> ignore
    arg [-plugin] ==> ignore
    arg [/Users/kima/.espressif/tools/xtensa-esp32s3-elf/esp-2021r2-patch3-8.4.0/xtensa-esp32s3-elf/bin/../libexec/gcc/xtensa-esp32s3-elf/8.4.0/liblto_plugin.so] ==> ignore
    arg [-plugin-opt=/Users/kima/.espressif/tools/xtensa-esp32s3-elf/esp-2021r2-patch3-8.4.0/xtensa-esp32s3-elf/bin/../libexec/gcc/xtensa-esp32s3-elf/8.4.0/lto-wrapper] ==> ignore
    arg [-plugin-opt=-fresolution=/var/folders/2_/n6wvn_6s037gk2__062l5gr40000gn/T//ccz9FFjq.res] ==> ignore
    arg [-plugin-opt=-pass-through=-lgcc] ==> ignore
    arg [-plugin-opt=-pass-through=-lc] ==> ignore
    arg [-plugin-opt=-pass-through=-lnosys] ==> ignore
    arg [-plugin-opt=-pass-through=-lc] ==> ignore
    arg [-plugin-opt=-pass-through=-lgcc] ==> ignore
    arg [-o] ==> ignore
    arg [cmTC_36ce5] ==> ignore
    arg [/Users/kima/.espressif/tools/xtensa-esp32s3-elf/esp-2021r2-patch3-8.4.0/xtensa-esp32s3-elf/bin/../lib/gcc/xtensa-esp32s3-elf/8.4.0/../../../../xtensa-esp32s3-elf/lib/crt0.o] ==> ignore
    arg [/Users/kima/.espressif/tools/xtensa-esp32s3-elf/esp-2021r2-patch3-8.4.0/xtensa-esp32s3-elf/bin/../lib/gcc/xtensa-esp32s3-elf/8.4.0/crti.o] ==> ignore
    arg [/Users/kima/.espressif/tools/xtensa-esp32s3-elf/esp-2021r2-patch3-8.4.0/xtensa-esp32s3-elf/bin/../lib/gcc/xtensa-esp32s3-elf/8.4.0/crtbegin.o] ==> ignore
    arg [-L/Users/kima/.espressif/tools/xtensa-esp32s3-elf/esp-2021r2-patch3-8.4.0/xtensa-esp32s3-elf/bin/../lib/gcc/xtensa-esp32s3-elf/8.4.0] ==> dir [/Users/kima/.espressif/tools/xtensa-esp32s3-elf/esp-2021r2-patch3-8.4.0/xtensa-esp32s3-elf/bin/../lib/gcc/xtensa-esp32s3-elf/8.4.0]
    arg [-L/Users/kima/.espressif/tools/xtensa-esp32s3-elf/esp-2021r2-patch3-8.4.0/xtensa-esp32s3-elf/bin/../lib/gcc] ==> dir [/Users/kima/.espressif/tools/xtensa-esp32s3-elf/esp-2021r2-patch3-8.4.0/xtensa-esp32s3-elf/bin/../lib/gcc]
    arg [-L/Users/kima/.espressif/tools/xtensa-esp32s3-elf/esp-2021r2-patch3-8.4.0/xtensa-esp32s3-elf/bin/../lib/gcc/xtensa-esp32s3-elf/8.4.0/../../../../xtensa-esp32s3-elf/lib] ==> dir [/Users/kima/.espressif/tools/xtensa-esp32s3-elf/esp-2021r2-patch3-8.4.0/xtensa-esp32s3-elf/bin/../lib/gcc/xtensa-esp32s3-elf/8.4.0/../../../../xtensa-esp32s3-elf/lib]
    arg [CMakeFiles/cmTC_36ce5.dir/CMakeCXXCompilerABI.cpp.obj] ==> ignore
    arg [-lstdc++] ==> lib [stdc++]
    arg [-lm] ==> lib [m]
    arg [-lgcc] ==> lib [gcc]
    arg [-lc] ==> lib [c]
    arg [-lnosys] ==> lib [nosys]
    arg [-lc] ==> lib [c]
    arg [-lgcc] ==> lib [gcc]
    arg [/Users/kima/.espressif/tools/xtensa-esp32s3-elf/esp-2021r2-patch3-8.4.0/xtensa-esp32s3-elf/bin/../lib/gcc/xtensa-esp32s3-elf/8.4.0/crtend.o] ==> ignore
    arg [/Users/kima/.espressif/tools/xtensa-esp32s3-elf/esp-2021r2-patch3-8.4.0/xtensa-esp32s3-elf/bin/../lib/gcc/xtensa-esp32s3-elf/8.4.0/crtn.o] ==> ignore
  collapse library dir [/Users/kima/.espressif/tools/xtensa-esp32s3-elf/esp-2021r2-patch3-8.4.0/xtensa-esp32s3-elf/bin/../lib/gcc/xtensa-esp32s3-elf/8.4.0] ==> [/Users/kima/.espressif/tools/xtensa-esp32s3-elf/esp-2021r2-patch3-8.4.0/xtensa-esp32s3-elf/lib/gcc/xtensa-esp32s3-elf/8.4.0]
  collapse library dir [/Users/kima/.espressif/tools/xtensa-esp32s3-elf/esp-2021r2-patch3-8.4.0/xtensa-esp32s3-elf/bin/../lib/gcc] ==> [/Users/kima/.espressif/tools/xtensa-esp32s3-elf/esp-2021r2-patch3-8.4.0/xtensa-esp32s3-elf/lib/gcc]
  collapse library dir [/Users/kima/.espressif/tools/xtensa-esp32s3-elf/esp-2021r2-patch3-8.4.0/xtensa-esp32s3-elf/bin/../lib/gcc/xtensa-esp32s3-elf/8.4.0/../../../../xtensa-esp32s3-elf/lib] ==> [/Users/kima/.espressif/tools/xtensa-esp32s3-elf/esp-2021r2-patch3-8.4.0/xtensa-esp32s3-elf/xtensa-esp32s3-elf/lib]
  implicit libs: [stdc++;m;gcc;c;nosys;c;gcc]
  implicit dirs: [/Users/kima/.espressif/tools/xtensa-esp32s3-elf/esp-2021r2-patch3-8.4.0/xtensa-esp32s3-elf/lib/gcc/xtensa-esp32s3-elf/8.4.0;/Users/kima/.espressif/tools/xtensa-esp32s3-elf/esp-2021r2-patch3-8.4.0/xtensa-esp32s3-elf/lib/gcc;/Users/kima/.espressif/tools/xtensa-esp32s3-elf/esp-2021r2-patch3-8.4.0/xtensa-esp32s3-elf/xtensa-esp32s3-elf/lib]
  implicit fwks: []


Determining if the include file sys/types.h exists passed with the following output:
Change Dir: /Users/kima/Documents/touch-rehab/onboarding/blink/build/bootloader/CMakeFiles/CMakeTmp

Run Build Command(s):/usr/local/bin/ninja cmTC_d3728 && [1/2] Building C object CMakeFiles/cmTC_d3728.dir/CheckIncludeFile.c.obj
[2/2] Linking C executable cmTC_d3728



Determining if the include file stdint.h exists passed with the following output:
Change Dir: /Users/kima/Documents/touch-rehab/onboarding/blink/build/bootloader/CMakeFiles/CMakeTmp

Run Build Command(s):/usr/local/bin/ninja cmTC_33a0b && [1/2] Building C object CMakeFiles/cmTC_33a0b.dir/CheckIncludeFile.c.obj
[2/2] Linking C executable cmTC_33a0b



Determining if the include file stddef.h exists passed with the following output:
Change Dir: /Users/kima/Documents/touch-rehab/onboarding/blink/build/bootloader/CMakeFiles/CMakeTmp

Run Build Command(s):/usr/local/bin/ninja cmTC_68044 && [1/2] Building C object CMakeFiles/cmTC_68044.dir/CheckIncludeFile.c.obj
[2/2] Linking C executable cmTC_68044



Determining size of time_t passed with the following output:
Change Dir: /Users/kima/Documents/touch-rehab/onboarding/blink/build/bootloader/CMakeFiles/CMakeTmp

Run Build Command(s):/usr/local/bin/ninja cmTC_dc86a && [1/2] Building C object CMakeFiles/cmTC_dc86a.dir/TIME_T_SIZE.c.obj
[2/2] Linking C executable cmTC_dc86a



